<?xml version="1.0" encoding="UTF-8"?>
<testsuite xmlns:xsi="http://www.w3.org/2001/XMLSchema-instance" xsi:noNamespaceSchemaLocation="https://maven.apache.org/surefire/maven-surefire-plugin/xsd/surefire-test-report-3.0.xsd" version="3.0" name="TestSuite" time="0.181" tests="11" errors="0" skipped="0" failures="0">
  <properties>
    <property name="java.specification.version" value="21"/>
    <property name="sun.jnu.encoding" value="UTF-8"/>
    <property name="java.class.path" value="/Users/jay/Anagha/test3/target/test-classes:/Users/jay/Anagha/test3/target/classes:/Users/jay/.m2/repository/org/testng/testng/7.9.0/testng-7.9.0.jar:/Users/jay/.m2/repository/org/slf4j/slf4j-api/1.7.36/slf4j-api-1.7.36.jar:/Users/jay/.m2/repository/com/beust/jcommander/1.82/jcommander-1.82.jar:/Users/jay/.m2/repository/org/webjars/jquery/3.7.1/jquery-3.7.1.jar:"/>
    <property name="java.vm.vendor" value="Eclipse Adoptium"/>
    <property name="sun.arch.data.model" value="64"/>
    <property name="java.vendor.url" value="https://adoptium.net/"/>
    <property name="user.timezone" value="Asia/Kolkata"/>
    <property name="os.name" value="Mac OS X"/>
    <property name="java.vm.specification.version" value="21"/>
    <property name="sun.java.launcher" value="SUN_STANDARD"/>
    <property name="user.country" value="IN"/>
    <property name="sun.boot.library.path" value="/Users/jay/Library/Application Support/Code/User/globalStorage/pleiades.java-extension-pack-jdk/java/21/lib"/>
    <property name="sun.java.command" value="/Users/jay/Anagha/test3/target/surefire/surefirebooter18157513125184429749.jar /Users/jay/Anagha/test3/target/surefire 2025-01-06T01-47-07_015-jvmRun1 surefire6083323088204508021tmp surefire_04258852776045875665tmp"/>
    <property name="http.nonProxyHosts" value="local|*.local|169.254/16|*.169.254/16"/>
    <property name="jdk.debug" value="release"/>
    <property name="surefire.test.class.path" value="/Users/jay/Anagha/test3/target/test-classes:/Users/jay/Anagha/test3/target/classes:/Users/jay/.m2/repository/org/testng/testng/7.9.0/testng-7.9.0.jar:/Users/jay/.m2/repository/org/slf4j/slf4j-api/1.7.36/slf4j-api-1.7.36.jar:/Users/jay/.m2/repository/com/beust/jcommander/1.82/jcommander-1.82.jar:/Users/jay/.m2/repository/org/webjars/jquery/3.7.1/jquery-3.7.1.jar:"/>
    <property name="sun.cpu.endian" value="little"/>
    <property name="user.home" value="/Users/jay"/>
    <property name="user.language" value="en"/>
    <property name="java.specification.vendor" value="Oracle Corporation"/>
    <property name="java.version.date" value="2024-10-15"/>
    <property name="java.home" value="/Users/jay/Library/Application Support/Code/User/globalStorage/pleiades.java-extension-pack-jdk/java/21"/>
    <property name="file.separator" value="/"/>
    <property name="basedir" value="/Users/jay/Anagha/test3"/>
    <property name="java.vm.compressedOopsMode" value="Zero based"/>
    <property name="line.separator" value="&#10;"/>
    <property name="java.vm.specification.vendor" value="Oracle Corporation"/>
    <property name="java.specification.name" value="Java Platform API Specification"/>
    <property name="apple.awt.application.name" value="ForkedBooter"/>
    <property name="surefire.real.class.path" value="/Users/jay/Anagha/test3/target/surefire/surefirebooter18157513125184429749.jar"/>
    <property name="sun.management.compiler" value="HotSpot 64-Bit Tiered Compilers"/>
    <property name="ftp.nonProxyHosts" value="local|*.local|169.254/16|*.169.254/16"/>
    <property name="java.runtime.version" value="21.0.5+11-LTS"/>
    <property name="user.name" value="jay"/>
    <property name="stdout.encoding" value="UTF-8"/>
    <property name="path.separator" value=":"/>
    <property name="os.version" value="15.0"/>
    <property name="java.runtime.name" value="OpenJDK Runtime Environment"/>
    <property name="file.encoding" value="UTF-8"/>
    <property name="java.vm.name" value="OpenJDK 64-Bit Server VM"/>
    <property name="java.vendor.version" value="Temurin-21.0.5+11"/>
    <property name="localRepository" value="/Users/jay/.m2/repository"/>
    <property name="java.vendor.url.bug" value="https://github.com/adoptium/adoptium-support/issues"/>
    <property name="java.io.tmpdir" value="/var/folders/x5/pbgvw6vn3sl8q5r5smz8l3_80000gn/T/"/>
    <property name="java.version" value="21.0.5"/>
    <property name="user.dir" value="/Users/jay/Anagha/test3"/>
    <property name="os.arch" value="aarch64"/>
    <property name="java.vm.specification.name" value="Java Virtual Machine Specification"/>
    <property name="native.encoding" value="UTF-8"/>
    <property name="java.library.path" value="/Users/jay/Library/Java/Extensions:/Library/Java/Extensions:/Network/Library/Java/Extensions:/System/Library/Java/Extensions:/usr/lib/java:."/>
    <property name="java.vm.info" value="mixed mode, sharing"/>
    <property name="stderr.encoding" value="UTF-8"/>
    <property name="java.vendor" value="Eclipse Adoptium"/>
    <property name="java.vm.version" value="21.0.5+11-LTS"/>
    <property name="sun.io.unicode.encoding" value="UnicodeBig"/>
    <property name="socksNonProxyHosts" value="local|*.local|169.254/16|*.169.254/16"/>
    <property name="java.class.version" value="65.0"/>
  </properties>
  <testcase name="first" classname="qa.one" time="0.001">
    <system-out><![CDATA[startfirst
1 one
listenerfirst
]]></system-out>
    <system-err><![CDATA[SLF4J: Failed to load class "org.slf4j.impl.StaticLoggerBinder".
SLF4J: Defaulting to no-operation (NOP) logger implementation
SLF4J: See http://www.slf4j.org/codes.html#StaticLoggerBinder for further details.
]]></system-err>
  </testcase>
  <testcase name="second" classname="qa.two" time="0">
    <system-out><![CDATA[startsecond
2
listenersecond
]]></system-out>
  </testcase>
  <testcase name="thir" classname="qa.three" time="0">
    <system-out><![CDATA[startthir
3 thir
listenerthir
]]></system-out>
  </testcase>
  <testcase name="fifth" classname="qa.four" time="0">
    <system-out><![CDATA[startfifth
5
listenerfifth
]]></system-out>
  </testcase>
  <testcase name="fourth" classname="qa.four" time="0">
    <system-out><![CDATA[startfourth
4
listenerfourth
]]></system-out>
  </testcase>
  <testcase name="second" classname="qa2.two" time="0.001">
    <system-out><![CDATA[startsecond
2
listenersecond
]]></system-out>
  </testcase>
  <testcase name="fifth" classname="qa2.four" time="0">
    <system-out><![CDATA[startfifth
5
listenerfifth
]]></system-out>
  </testcase>
  <testcase name="fourth" classname="qa2.four" time="0">
    <system-out><![CDATA[startfourth
4
listenerfourth
]]></system-out>
  </testcase>
  <testcase name="thir" classname="qa2.three" time="0">
    <system-out><![CDATA[startthir
3 thir
listenerthir
]]></system-out>
  </testcase>
  <testcase name="third" classname="qa2.three" time="0">
    <system-out><![CDATA[startthird
3
listenerthird
]]></system-out>
  </testcase>
  <testcase name="first" classname="qa2.one" time="0.001">
    <system-out><![CDATA[startfirst
1 one
listenerfirst
]]></system-out>
  </testcase>
</testsuite>