<?xml version="1.0" encoding="UTF-8"?>
<!-- Generated by org.testng.reporters.JUnitReportReporter -->
<testsuite hostname="Jays-M3-Pro.local" failures="0" tests="2" name="qa.four" time="0.001" errors="0" timestamp="2025-01-06T01:47:07 IST" skipped="0">
  <testcase classname="qa.four" name="fourth" time="0.001"/>
  <testcase classname="qa.four" name="fifth" time="0.000"/>
</testsuite> <!-- qa.four -->
