<?xml version="1.0" encoding="UTF-8"?>
<!-- Generated by org.testng.reporters.JUnitReportReporter -->
<testsuite hostname="Jays-M3-Pro.local" failures="0" tests="2" name="qa2.three" time="0.001" errors="0" timestamp="2025-01-06T01:47:07 IST" skipped="0">
  <testcase classname="qa2.three" name="thir" time="0.001"/>
  <testcase classname="qa2.three" name="third" time="0.000"/>
</testsuite> <!-- qa2.three -->
