<?xml version="1.0" encoding="UTF-8"?>
<!-- Generated by org.testng.reporters.JUnitReportReporter -->
<testsuite hostname="Jays-M3-Pro.local" failures="0" tests="1" name="qa.one" time="0.001" errors="0" timestamp="2025-01-06T01:47:07 IST" skipped="0">
  <testcase classname="qa.one" name="first" time="0.001"/>
</testsuite> <!-- qa.one -->
